<?xml version="1.0" encoding="UTF-8"?>
<testng-results skipped="0" failed="0" total="2" passed="2">
  <reporter-output>
  </reporter-output>
  <suite name="Default suite" duration-ms="48509" started-at="2017-05-09T16:13:32Z" finished-at="2017-05-09T16:14:20Z">
    <groups>
    </groups>
    <test name="Default test" duration-ms="48509" started-at="2017-05-09T16:13:32Z" finished-at="2017-05-09T16:14:20Z">
      <class name="getcolors">
        <test-method status="PASS" signature="test()[pri:0, instance:getcolors@548a9f61]" name="test" duration-ms="20635" started-at="2017-05-09T21:43:32Z" finished-at="2017-05-09T21:43:52Z">
          <reporter-output>
          </reporter-output>
        </test-method> <!-- test -->
        <test-method status="PASS" signature="test1()[pri:0, instance:getcolors@548a9f61]" name="test1" duration-ms="27854" started-at="2017-05-09T21:43:52Z" finished-at="2017-05-09T21:44:20Z">
          <reporter-output>
          </reporter-output>
        </test-method> <!-- test1 -->
      </class> <!-- getcolors -->
    </test> <!-- Default test -->
  </suite> <!-- Default suite -->
</testng-results>
